There where errors when loading preset file: Custom.3.0.binds
There are multiple entries of binding "MouseGUI" Only the first will be used
Failed to find GUID for device: 28DE11FF
Failed to find GUID for device: 28DE11FF
Failed to find GUID for device: 28DE11FF
Failed to find GUID for device: 28DE11FF
Failed to find GUID for device: 28DE11FF
Failed to find GUID for device: 28DE11FF
Failed to find GUID for device: 28DE11FF
Failed to find GUID for device: 28DE11FF
Failed to find GUID for device: 28DE11FF
Failed to find GUID for device: 28DE11FF
Failed to find GUID for device: 28DE11FF
Failed to find GUID for device: 28DE11FF
Failed to find GUID for device: 28DE11FF
Failed to find GUID for device: 28DE11FF
Failed to find GUID for device: 28DE11FF
Failed to find GUID for device: 28DE11FF
Failed to find GUID for device: 28DE11FF
Failed to find GUID for device: 28DE11FF
Failed to find GUID for device: 28DE11FF
Failed to find GUID for device: 28DE11FF
Failed to find GUID for device: 28DE11FF
Failed to find GUID for device: 28DE11FF
Failed to find GUID for device: 28DE11FF
Failed to find GUID for device: 28DE11FF
Failed to find GUID for device: 28DE11FF
Failed to find GUID for device: 28DE11FF
Failed to find GUID for device: 28DE11FF
Failed to find GUID for device: 28DE11FF
Failed to find GUID for device: 28DE11FF
Failed to find GUID for device: 28DE11FF
Failed to find GUID for device: 28DE11FF
Failed to find GUID for device: 28DE11FF
Failed to find GUID for device: 28DE11FF
Failed to find GUID for device: 28DE11FF
Failed to find GUID for device: 28DE11FF
There are multiple entries of binding "MouseGUI" Only the first will be used
Failed to find GUID for device: 28DE11FF
Failed to find GUID for device: 28DE11FF
Failed to find GUID for device: 28DE11FF
Failed to find GUID for device: 28DE11FF
Failed to find GUID for device: 28DE11FF
Failed to find GUID for device: 28DE11FF
Failed to find GUID for device: 28DE11FF
Failed to find GUID for device: 28DE11FF
Failed to find GUID for device: 28DE11FF
Failed to find GUID for device: 28DE11FF
Failed to find GUID for device: 28DE11FF
Failed to find GUID for device: 28DE11FF
Failed to find GUID for device: 28DE11FF
Failed to find GUID for device: 28DE11FF
Failed to find GUID for device: 28DE11FF
Failed to find GUID for device: 28DE11FF
Failed to find GUID for device: 28DE11FF
Failed to find GUID for device: 28DE11FF
Failed to find GUID for device: 28DE11FF
Failed to find GUID for device: 28DE11FF
Failed to find GUID for device: 28DE11FF
Failed to find GUID for device: 28DE11FF
Failed to find GUID for device: 28DE11FF
Failed to find GUID for device: 28DE11FF
Failed to find GUID for device: 28DE11FF
Failed to find GUID for device: 28DE11FF
Failed to find GUID for device: 28DE11FF
Failed to find GUID for device: 28DE11FF
Failed to find GUID for device: 28DE11FF
Failed to find GUID for device: 28DE11FF
Failed to find GUID for device: 28DE11FF
Failed to find GUID for device: 28DE11FF
Failed to find GUID for device: 28DE11FF
Failed to find GUID for device: 28DE11FF
Failed to find GUID for device: 28DE11FF
Failed to find GUID for device: 28DE11FF
Failed to find GUID for device: 28DE11FF
Failed to find GUID for device: 28DE11FF
Failed to find GUID for device: 28DE11FF
Failed to find GUID for device: 28DE11FF
Failed to find GUID for device: 28DE11FF
Failed to find GUID for device: 28DE11FF
Failed to find GUID for device: 28DE11FF
Failed to find GUID for device: 28DE11FF
Failed to find GUID for device: 28DE11FF
Failed to find GUID for device: 28DE11FF
Failed to find GUID for device: 28DE11FF
Failed to find GUID for device: 28DE11FF
Failed to find GUID for device: 28DE11FF
Failed to find GUID for device: 28DE11FF
Failed to find GUID for device: 28DE11FF
Failed to find GUID for device: 28DE11FF
Failed to find GUID for device: 28DE11FF
Failed to find GUID for device: 28DE11FF
Failed to find GUID for device: 28DE11FF
Failed to find GUID for device: 28DE11FF
Failed to find GUID for device: 28DE11FF
Failed to find GUID for device: 28DE11FF
Failed to find GUID for device: 28DE11FF
Failed to find GUID for device: 28DE11FF
Failed to find GUID for device: 28DE11FF
Failed to find GUID for device: 28DE11FF
Failed to find GUID for device: 28DE11FF
Failed to find GUID for device: 28DE11FF
Failed to find GUID for device: 28DE11FF
Failed to find GUID for device: 28DE11FF
Failed to find GUID for device: 28DE11FF
Failed to find GUID for device: 28DE11FF
Failed to find GUID for device: 28DE11FF
Failed to find GUID for device: 28DE11FF
Failed to find GUID for device: 28DE11FF
Failed to find GUID for device: 28DE11FF
Failed to find GUID for device: 28DE11FF
Failed to find GUID for device: 28DE11FF
Failed to find GUID for device: 28DE11FF
Failed to find GUID for device: 28DE11FF
Failed to find GUID for device: 28DE11FF
Failed to find GUID for device: 28DE11FF
Failed to find GUID for device: 28DE11FF
Failed to find GUID for device: 28DE11FF
Failed to find GUID for device: 28DE11FF
Failed to find GUID for device: 28DE11FF
Failed to find GUID for device: 28DE11FF
Failed to find GUID for device: 28DE11FF
Failed to find GUID for device: 28DE11FF
Failed to find GUID for device: 28DE11FF
Failed to find GUID for device: 28DE11FF
Failed to find GUID for device: 28DE11FF
Failed to find GUID for device: 28DE11FF
Failed to find GUID for device: 28DE11FF
Failed to find GUID for device: 28DE11FF
Failed to find GUID for device: 28DE11FF
Failed to find GUID for device: 28DE11FF
Failed to find GUID for device: 28DE11FF
Failed to find GUID for device: 28DE11FF
Failed to find GUID for device: 28DE11FF
Failed to find GUID for device: 28DE11FF
Failed to find GUID for device: 28DE11FF
Failed to find GUID for device: 28DE11FF
Failed to find GUID for device: 28DE11FF
Failed to find GUID for device: 28DE11FF
Failed to find GUID for device: 28DE11FF
Failed to find GUID for device: 28DE11FF
Failed to find GUID for device: 28DE11FF
Failed to find GUID for device: 28DE11FF
Failed to find GUID for device: 28DE11FF
Failed to find GUID for device: 28DE11FF
Failed to find GUID for device: 28DE11FF
Failed to find GUID for device: 28DE11FF
Failed to find GUID for device: 28DE11FF
Failed to find GUID for device: 28DE11FF
Failed to find GUID for device: 28DE11FF
Failed to find GUID for device: 28DE11FF
Failed to find GUID for device: 28DE11FF
Failed to find GUID for device: 28DE11FF
Failed to find GUID for device: 28DE11FF
Failed to find GUID for device: 28DE11FF
Failed to find GUID for device: 28DE11FF
Failed to find GUID for device: 28DE11FF
Failed to find GUID for device: 28DE11FF
Failed to find GUID for device: 28DE11FF

There where errors when loading preset file: Petes Classic Context.3.0.binds
There are multiple entries of binding "MouseGUI" Only the first will be used
Failed to find GUID for device: 28DE11FF
Failed to find GUID for device: 28DE11FF
Failed to find GUID for device: 28DE11FF
Failed to find GUID for device: 28DE11FF
Failed to find GUID for device: 28DE11FF
Failed to find GUID for device: 28DE11FF
Failed to find GUID for device: 28DE11FF
Failed to find GUID for device: 28DE11FF
Failed to find GUID for device: 28DE11FF
Failed to find GUID for device: 28DE11FF
Failed to find GUID for device: 28DE11FF
Failed to find GUID for device: 28DE11FF
Failed to find GUID for device: 28DE11FF
Failed to find GUID for device: 28DE11FF
Failed to find GUID for device: 28DE11FF
Failed to find GUID for device: 28DE11FF
Failed to find GUID for device: 28DE11FF
Failed to find GUID for device: 28DE11FF
Failed to find GUID for device: 28DE11FF
Failed to find GUID for device: 28DE11FF
Failed to find GUID for device: 28DE11FF
Failed to find GUID for device: 28DE11FF
Failed to find GUID for device: 28DE11FF
Failed to find GUID for device: 28DE11FF
Failed to find GUID for device: 28DE11FF
Failed to find GUID for device: 28DE11FF
Failed to find GUID for device: 28DE11FF
Failed to find GUID for device: 28DE11FF
Failed to find GUID for device: 28DE11FF
Failed to find GUID for device: 28DE11FF
Failed to find GUID for device: 28DE11FF
Failed to find GUID for device: 28DE11FF
Failed to find GUID for device: 28DE11FF
Failed to find GUID for device: 28DE11FF
Failed to find GUID for device: 28DE11FF
Failed to find GUID for device: 28DE11FF
Failed to find GUID for device: 28DE11FF
Failed to find GUID for device: 28DE11FF
Failed to find GUID for device: 28DE11FF
Failed to find GUID for device: 28DE11FF
Failed to find GUID for device: 28DE11FF
Failed to find GUID for device: 28DE11FF
Failed to find GUID for device: 28DE11FF
There are multiple entries of binding "MouseGUI" Only the first will be used
Failed to find GUID for device: 28DE11FF
Failed to find GUID for device: 28DE11FF
Failed to find GUID for device: 28DE11FF
Failed to find GUID for device: 28DE11FF
Failed to find GUID for device: 28DE11FF
Failed to find GUID for device: 28DE11FF
Failed to find GUID for device: 28DE11FF
Failed to find GUID for device: 28DE11FF
Failed to find GUID for device: 28DE11FF
Failed to find GUID for device: 28DE11FF
Failed to find GUID for device: 28DE11FF
Failed to find GUID for device: 28DE11FF
Failed to find GUID for device: 28DE11FF
Failed to find GUID for device: 28DE11FF
Failed to find GUID for device: 28DE11FF
Failed to find GUID for device: 28DE11FF
Failed to find GUID for device: 28DE11FF
Failed to find GUID for device: 28DE11FF
Failed to find GUID for device: 28DE11FF
Failed to find GUID for device: 28DE11FF
Failed to find GUID for device: 28DE11FF
Failed to find GUID for device: 28DE11FF
Failed to find GUID for device: 28DE11FF
Failed to find GUID for device: 28DE11FF
Failed to find GUID for device: 28DE11FF
Failed to find GUID for device: 28DE11FF
Failed to find GUID for device: 28DE11FF
Failed to find GUID for device: 28DE11FF
Failed to find GUID for device: 28DE11FF
Failed to find GUID for device: 28DE11FF
Failed to find GUID for device: 28DE11FF
Failed to find GUID for device: 28DE11FF
Failed to find GUID for device: 28DE11FF
Failed to find GUID for device: 28DE11FF
Failed to find GUID for device: 28DE11FF
Failed to find GUID for device: 28DE11FF
Failed to find GUID for device: 28DE11FF
Failed to find GUID for device: 28DE11FF
Failed to find GUID for device: 28DE11FF
Failed to find GUID for device: 28DE11FF
Failed to find GUID for device: 28DE11FF
Failed to find GUID for device: 28DE11FF
Failed to find GUID for device: 28DE11FF
Failed to find GUID for device: 28DE11FF
Failed to find GUID for device: 28DE11FF
Failed to find GUID for device: 28DE11FF
Failed to find GUID for device: 28DE11FF
Failed to find GUID for device: 28DE11FF
Failed to find GUID for device: 28DE11FF
Failed to find GUID for device: 28DE11FF
Failed to find GUID for device: 28DE11FF
Failed to find GUID for device: 28DE11FF
Failed to find GUID for device: 28DE11FF
Failed to find GUID for device: 28DE11FF
Failed to find GUID for device: 28DE11FF
Failed to find GUID for device: 28DE11FF
Failed to find GUID for device: 28DE11FF
Failed to find GUID for device: 28DE11FF
Failed to find GUID for device: 28DE11FF
Failed to find GUID for device: 28DE11FF
Failed to find GUID for device: 28DE11FF
Failed to find GUID for device: 28DE11FF
Failed to find GUID for device: 28DE11FF
Failed to find GUID for device: 28DE11FF
Failed to find GUID for device: 28DE11FF
Failed to find GUID for device: 28DE11FF
Failed to find GUID for device: 28DE11FF
Failed to find GUID for device: 28DE11FF
Failed to find GUID for device: 28DE11FF
Failed to find GUID for device: 28DE11FF
Failed to find GUID for device: 28DE11FF
Failed to find GUID for device: 28DE11FF
Failed to find GUID for device: 28DE11FF
Failed to find GUID for device: 28DE11FF
Failed to find GUID for device: 28DE11FF
Failed to find GUID for device: 28DE11FF
Failed to find GUID for device: 28DE11FF
Failed to find GUID for device: 28DE11FF
Failed to find GUID for device: 28DE11FF
Failed to find GUID for device: 28DE11FF

There where errors when loading preset file: Petes-Classic-Context.1.8.binds
Failed to find GUID for device: 28DE11FF
Failed to find GUID for device: 28DE11FF
Failed to find GUID for device: 28DE11FF
Failed to find GUID for device: 28DE11FF
Failed to find GUID for device: 28DE11FF
Failed to find GUID for device: 28DE11FF
Failed to find GUID for device: 28DE11FF
Failed to find GUID for device: 28DE11FF
Failed to find GUID for device: 28DE11FF
Failed to find GUID for device: 28DE11FF
Failed to find GUID for device: 28DE11FF
Failed to find GUID for device: 28DE11FF
Failed to find GUID for device: 28DE11FF
Failed to find GUID for device: 28DE11FF
Failed to find GUID for device: 28DE11FF
Failed to find GUID for device: 28DE11FF
Failed to find GUID for device: 28DE11FF
Failed to find GUID for device: 28DE11FF
Failed to find GUID for device: 28DE11FF
Failed to find GUID for device: 28DE11FF
Failed to find GUID for device: 28DE11FF
Failed to find GUID for device: 28DE11FF
Failed to find GUID for device: 28DE11FF
Failed to find GUID for device: 28DE11FF
Failed to find GUID for device: 28DE11FF
Failed to find GUID for device: 28DE11FF
Failed to find GUID for device: 28DE11FF
Failed to find GUID for device: 28DE11FF
Failed to find GUID for device: 28DE11FF
Failed to find GUID for device: 28DE11FF
Failed to find GUID for device: 28DE11FF
Failed to find GUID for device: 28DE11FF
Failed to find GUID for device: 28DE11FF
Failed to find GUID for device: 28DE11FF
Failed to find GUID for device: 28DE11FF
Failed to find GUID for device: 28DE11FF
Failed to find GUID for device: 28DE11FF
Failed to find GUID for device: 28DE11FF
Failed to find GUID for device: 28DE11FF
Failed to find GUID for device: 28DE11FF
Failed to find GUID for device: 28DE11FF
Failed to find GUID for device: 28DE11FF
Failed to find GUID for device: 28DE11FF
Failed to find GUID for device: 28DE11FF
Failed to find GUID for device: 28DE11FF
Failed to find GUID for device: 28DE11FF
Failed to find GUID for device: 28DE11FF
Failed to find GUID for device: 28DE11FF
Failed to find GUID for device: 28DE11FF
Failed to find GUID for device: 28DE11FF
Failed to find GUID for device: 28DE11FF
Failed to find GUID for device: 28DE11FF
Failed to find GUID for device: 28DE11FF
Failed to find GUID for device: 28DE11FF
Failed to find GUID for device: 28DE11FF
Failed to find GUID for device: 28DE11FF
Failed to find GUID for device: 28DE11FF
Failed to find GUID for device: 28DE11FF
Failed to find GUID for device: 28DE11FF
Failed to find GUID for device: 28DE11FF
Failed to find GUID for device: 28DE11FF
Failed to find GUID for device: 28DE11FF
Failed to find GUID for device: 28DE11FF
Failed to find GUID for device: 28DE11FF
Failed to find GUID for device: 28DE11FF
Failed to find GUID for device: 28DE11FF
Failed to find GUID for device: 28DE11FF
Failed to find GUID for device: 28DE11FF
Failed to find GUID for device: 28DE11FF
Failed to find GUID for device: 28DE11FF
Failed to find GUID for device: 28DE11FF
Failed to find GUID for device: 28DE11FF
Failed to find GUID for device: 28DE11FF
Failed to find GUID for device: 28DE11FF
Failed to find GUID for device: 28DE11FF
Failed to find GUID for device: 28DE11FF
Failed to find GUID for device: 28DE11FF
Failed to find GUID for device: 28DE11FF
Failed to find GUID for device: 28DE11FF
Failed to find GUID for device: 28DE11FF
Failed to find GUID for device: 28DE11FF

There where errors when loading preset file: Petes-SaitekX52-3.3.0.binds
There are multiple entries of binding "MouseGUI" Only the first will be used
There are multiple entries of binding "MouseGUI" Only the first will be used
Missing devices: SaitekX52

