There where errors when loading preset file: Classic Context Petes.1.8.binds
Failed to find semantic: YawAxis
Failed to find semantic: RollAxis
Failed to find semantic: PitchAxis
Failed to find semantic: LateralThrust
Failed to find semantic: VerticalThrust
Failed to find GUID for device: 28DE11FF
Failed to find GUID for device: 28DE11FF
Failed to find GUID for device: 28DE11FF
Failed to find GUID for device: 28DE11FF
Failed to find GUID for device: 28DE11FF
Failed to find GUID for device: 28DE11FF
Failed to find GUID for device: 28DE11FF
Failed to find GUID for device: 28DE11FF
Failed to find GUID for device: 28DE11FF
Failed to find GUID for device: 28DE11FF
Failed to find GUID for device: 28DE11FF
Failed to find GUID for device: 28DE11FF
Failed to find GUID for device: 28DE11FF
Failed to find GUID for device: 28DE11FF
Failed to find GUID for device: 28DE11FF
Failed to find GUID for device: 28DE11FF
Failed to find GUID for device: 28DE11FF
Failed to find GUID for device: 28DE11FF
Failed to find semantic: GunsightSystem
Failed to find GUID for device: 28DE11FF
Failed to find GUID for device: 28DE11FF
Failed to find GUID for device: 28DE11FF
Failed to find GUID for device: 28DE11FF
Failed to find GUID for device: 28DE11FF
Failed to find GUID for device: 28DE11FF
Failed to find GUID for device: 28DE11FF
Failed to find GUID for device: 28DE11FF
Failed to find GUID for device: 28DE11FF
Failed to find GUID for device: 28DE11FF
Failed to find GUID for device: 28DE11FF
Failed to find GUID for device: 28DE11FF
Failed to find GUID for device: 28DE11FF
Failed to find semantic: OculusReset
Failed to find GUID for device: 28DE11FF
Failed to find GUID for device: 28DE11FF
Failed to find GUID for device: 28DE11FF
Failed to find GUID for device: 28DE11FF
Failed to find GUID for device: 28DE11FF
Failed to find GUID for device: 28DE11FF
Failed to find GUID for device: 28DE11FF
Failed to find GUID for device: 28DE11FF
Failed to find GUID for device: 28DE11FF
Failed to find GUID for device: 28DE11FF
Failed to find GUID for device: 28DE11FF
Failed to find GUID for device: 28DE11FF
Failed to find GUID for device: 28DE11FF
Failed to find GUID for device: 28DE11FF
Failed to find GUID for device: 28DE11FF
Failed to find GUID for device: 28DE11FF
Failed to find GUID for device: 28DE11FF
Failed to find GUID for device: 28DE11FF
Failed to find GUID for device: 28DE11FF
Failed to find GUID for device: 28DE11FF
Failed to find GUID for device: 28DE11FF
Failed to find GUID for device: 28DE11FF
Failed to find GUID for device: 28DE11FF
Failed to find GUID for device: 28DE11FF

There where errors when loading preset file: Petes-Classic-Context.1.8.binds
Failed to find semantic: YawAxis
Failed to find semantic: RollAxis
Failed to find semantic: PitchAxis
Failed to find semantic: LateralThrust
Failed to find semantic: VerticalThrust
Failed to find GUID for device: 28DE11FF
Failed to find GUID for device: 28DE11FF
Failed to find GUID for device: 28DE11FF
Failed to find GUID for device: 28DE11FF
Failed to find GUID for device: 28DE11FF
Failed to find GUID for device: 28DE11FF
Failed to find GUID for device: 28DE11FF
Failed to find GUID for device: 28DE11FF
Failed to find GUID for device: 28DE11FF
Failed to find GUID for device: 28DE11FF
Failed to find GUID for device: 28DE11FF
Failed to find GUID for device: 28DE11FF
Failed to find GUID for device: 28DE11FF
Failed to find GUID for device: 28DE11FF
Failed to find semantic: GunsightSystem
Failed to find GUID for device: 28DE11FF
Failed to find GUID for device: 28DE11FF
Failed to find GUID for device: 28DE11FF
Failed to find GUID for device: 28DE11FF
Failed to find GUID for device: 28DE11FF
Failed to find GUID for device: 28DE11FF
Failed to find GUID for device: 28DE11FF
Failed to find GUID for device: 28DE11FF
Failed to find GUID for device: 28DE11FF
Failed to find GUID for device: 28DE11FF
Failed to find GUID for device: 28DE11FF
Failed to find GUID for device: 28DE11FF
Failed to find GUID for device: 28DE11FF
Failed to find semantic: OculusReset
Failed to find GUID for device: 28DE11FF
Failed to find GUID for device: 28DE11FF
Failed to find GUID for device: 28DE11FF
Failed to find GUID for device: 28DE11FF
Failed to find GUID for device: 28DE11FF
Failed to find GUID for device: 28DE11FF
Failed to find GUID for device: 28DE11FF
Failed to find GUID for device: 28DE11FF
Failed to find GUID for device: 28DE11FF
Failed to find GUID for device: 28DE11FF
Failed to find GUID for device: 28DE11FF
Failed to find GUID for device: 28DE11FF
Failed to find GUID for device: 28DE11FF
Failed to find GUID for device: 28DE11FF
Failed to find GUID for device: 28DE11FF
Failed to find GUID for device: 28DE11FF
Failed to find GUID for device: 28DE11FF
Failed to find GUID for device: 28DE11FF
Failed to find GUID for device: 28DE11FF
Failed to find GUID for device: 28DE11FF
Failed to find GUID for device: 28DE11FF
Failed to find GUID for device: 28DE11FF
Failed to find GUID for device: 28DE11FF
Failed to find GUID for device: 28DE11FF

